

Started GET "/assets/rails.png" for 127.0.0.1 at 2012-10-22 18:13:28 -0700
Served asset /rails.png - 200 OK (140ms)


Started GET "/assets/rails.png" for 127.0.0.1 at 2012-10-23 01:39:42 -0700
Served asset /rails.png - 304 Not Modified (56ms)
  [1m[36m (0.0ms)[0m  [1mselect sqlite_version(*)[0m
  [1m[35m (9.0ms)[0m  CREATE TABLE "schema_migrations" ("version" varchar(255) NOT NULL) 
  [1m[36m (0.0ms)[0m  [1mPRAGMA index_list("schema_migrations")[0m
  [1m[35m (9.0ms)[0m  CREATE UNIQUE INDEX "unique_schema_migrations" ON "schema_migrations" ("version")
  [1m[36m (1.0ms)[0m  [1mSELECT "schema_migrations"."version" FROM "schema_migrations" [0m
Migrating to CreateUsers (20121023112113)
  [1m[35m (0.0ms)[0m  begin transaction
  [1m[36m (3.0ms)[0m  [1mCREATE TABLE "users" ("id" INTEGER PRIMARY KEY AUTOINCREMENT NOT NULL, "name" varchar(255), "email" varchar(255), "created_at" datetime NOT NULL, "updated_at" datetime NOT NULL) [0m
  [1m[35m (0.0ms)[0m  INSERT INTO "schema_migrations" ("version") VALUES ('20121023112113')
  [1m[36m (5.0ms)[0m  [1mcommit transaction[0m
  [1m[35m (1.0ms)[0m  select sqlite_version(*)
  [1m[36m (1.0ms)[0m  [1mSELECT "schema_migrations"."version" FROM "schema_migrations" [0m
  [1m[35m (0.0ms)[0m  PRAGMA index_list("users")


Started GET "/assets/rails.png" for 127.0.0.1 at 2012-10-23 04:24:40 -0700
Served asset /rails.png - 200 OK (6ms)


Started GET "/users" for 127.0.0.1 at 2012-10-23 04:35:20 -0700
Processing by UsersController#index as HTML
  [1m[36mUser Load (1.0ms)[0m  [1mSELECT "users".* FROM "users" [0m
  Rendered users/index.html.erb within layouts/application (75.0ms)
Compiled scaffolds.css  (149ms)  (pid 9044)
Compiled users.css  (9ms)  (pid 9044)
Compiled application.css  (324ms)  (pid 9044)
Compiled jquery.js  (9ms)  (pid 9044)
Compiled jquery_ujs.js  (2ms)  (pid 9044)
Compiled users.js  (1295ms)  (pid 9044)
Compiled application.js  (1605ms)  (pid 9044)
Completed 200 OK in 2503ms (Views: 2499.1ms | ActiveRecord: 1.0ms)


Started GET "/assets/scaffolds.css?body=1" for 127.0.0.1 at 2012-10-23 04:35:23 -0700
Served asset /scaffolds.css - 304 Not Modified (7ms)


Started GET "/assets/application.css?body=1" for 127.0.0.1 at 2012-10-23 04:35:23 -0700
Served asset /application.css - 304 Not Modified (13ms)


Started GET "/assets/users.css?body=1" for 127.0.0.1 at 2012-10-23 04:35:23 -0700
Served asset /users.css - 200 OK (7ms)


Started GET "/assets/jquery.js?body=1" for 127.0.0.1 at 2012-10-23 04:35:23 -0700
Served asset /jquery.js - 200 OK (28ms)


Started GET "/assets/jquery_ujs.js?body=1" for 127.0.0.1 at 2012-10-23 04:35:23 -0700
Served asset /jquery_ujs.js - 200 OK (11ms)


Started GET "/assets/users.js?body=1" for 127.0.0.1 at 2012-10-23 04:35:23 -0700
Served asset /users.js - 200 OK (8ms)


Started GET "/assets/application.js?body=1" for 127.0.0.1 at 2012-10-23 04:35:23 -0700
Served asset /application.js - 304 Not Modified (67ms)


Started GET "/users/new" for 127.0.0.1 at 2012-10-23 04:35:33 -0700
Processing by UsersController#new as HTML
  Rendered users/_form.html.erb (62.0ms)
  Rendered users/new.html.erb within layouts/application (154.0ms)
Completed 200 OK in 186ms (Views: 176.0ms | ActiveRecord: 0.0ms)


Started GET "/assets/application.css?body=1" for 127.0.0.1 at 2012-10-23 04:35:33 -0700
Served asset /application.css - 304 Not Modified (2ms)


Started GET "/assets/application.js?body=1" for 127.0.0.1 at 2012-10-23 04:35:33 -0700
Served asset /application.js - 304 Not Modified (0ms)


Started GET "/assets/scaffolds.css?body=1" for 127.0.0.1 at 2012-10-23 04:35:33 -0700
Served asset /scaffolds.css - 304 Not Modified (0ms)


Started POST "/users" for 127.0.0.1 at 2012-10-23 04:35:44 -0700
Processing by UsersController#create as HTML
  Parameters: {"utf8"=>"✓", "authenticity_token"=>"+rCTsQItb8vzT5Td6Txt8aBGrwwKvetaDJPraxrmPgk=", "user"=>{"name"=>"Tum Chaturapruek", "email"=>"tummykung@gmail.com"}, "commit"=>"Create User"}
  [1m[35m (0.0ms)[0m  begin transaction
  [1m[36mSQL (118.0ms)[0m  [1mINSERT INTO "users" ("created_at", "email", "name", "updated_at") VALUES (?, ?, ?, ?)[0m  [["created_at", Tue, 23 Oct 2012 11:35:44 UTC +00:00], ["email", "tummykung@gmail.com"], ["name", "Tum Chaturapruek"], ["updated_at", Tue, 23 Oct 2012 11:35:44 UTC +00:00]]
  [1m[35m (5.0ms)[0m  commit transaction
Redirected to http://localhost:3000/users/1
Completed 302 Found in 132ms (ActiveRecord: 123.0ms)


Started GET "/users/1" for 127.0.0.1 at 2012-10-23 04:35:44 -0700
Processing by UsersController#show as HTML
  Parameters: {"id"=>"1"}
  [1m[36mUser Load (1.0ms)[0m  [1mSELECT "users".* FROM "users" WHERE "users"."id" = ? LIMIT 1[0m  [["id", "1"]]
  Rendered users/show.html.erb within layouts/application (3.0ms)
Completed 200 OK in 31ms (Views: 23.0ms | ActiveRecord: 1.0ms)


Started GET "/assets/application.css?body=1" for 127.0.0.1 at 2012-10-23 04:35:44 -0700
Served asset /application.css - 304 Not Modified (2ms)


Started GET "/assets/scaffolds.css?body=1" for 127.0.0.1 at 2012-10-23 04:35:44 -0700
Served asset /scaffolds.css - 304 Not Modified (1ms)


Started GET "/assets/application.js?body=1" for 127.0.0.1 at 2012-10-23 04:35:45 -0700
Served asset /application.js - 304 Not Modified (1ms)


Started GET "/users" for 127.0.0.1 at 2012-10-23 04:35:49 -0700
Processing by UsersController#index as HTML
  [1m[35mUser Load (0.0ms)[0m  SELECT "users".* FROM "users" 
  Rendered users/index.html.erb within layouts/application (3.0ms)
Completed 200 OK in 25ms (Views: 23.0ms | ActiveRecord: 0.0ms)


Started GET "/assets/application.css?body=1" for 127.0.0.1 at 2012-10-23 04:35:49 -0700
Served asset /application.css - 304 Not Modified (0ms)


Started GET "/assets/scaffolds.css?body=1" for 127.0.0.1 at 2012-10-23 04:35:49 -0700
Served asset /scaffolds.css - 304 Not Modified (0ms)


Started GET "/assets/application.js?body=1" for 127.0.0.1 at 2012-10-23 04:35:50 -0700
Served asset /application.js - 304 Not Modified (0ms)


Started GET "/users/1/edit" for 127.0.0.1 at 2012-10-23 04:36:17 -0700
Processing by UsersController#edit as HTML
  Parameters: {"id"=>"1"}
  [1m[36mUser Load (1.0ms)[0m  [1mSELECT "users".* FROM "users" WHERE "users"."id" = ? LIMIT 1[0m  [["id", "1"]]
  Rendered users/_form.html.erb (5.0ms)
  Rendered users/edit.html.erb within layouts/application (12.0ms)
Completed 200 OK in 40ms (Views: 36.0ms | ActiveRecord: 1.0ms)


Started GET "/assets/application.css?body=1" for 127.0.0.1 at 2012-10-23 04:36:17 -0700
Served asset /application.css - 304 Not Modified (0ms)


Started GET "/assets/scaffolds.css?body=1" for 127.0.0.1 at 2012-10-23 04:36:17 -0700
Served asset /scaffolds.css - 304 Not Modified (1ms)


Started GET "/assets/application.js?body=1" for 127.0.0.1 at 2012-10-23 04:36:18 -0700
Served asset /application.js - 304 Not Modified (1ms)


Started GET "/users/new" for 127.0.0.1 at 2012-10-23 04:36:58 -0700
Processing by UsersController#new as HTML
  Rendered users/_form.html.erb (4.0ms)
  Rendered users/new.html.erb within layouts/application (10.0ms)
Completed 200 OK in 30ms (Views: 30.0ms | ActiveRecord: 0.0ms)


Started GET "/assets/application.css?body=1" for 127.0.0.1 at 2012-10-23 04:36:58 -0700
Served asset /application.css - 304 Not Modified (0ms)


Started GET "/assets/scaffolds.css?body=1" for 127.0.0.1 at 2012-10-23 04:36:58 -0700
Served asset /scaffolds.css - 304 Not Modified (0ms)


Started GET "/assets/application.js?body=1" for 127.0.0.1 at 2012-10-23 04:36:58 -0700
Served asset /application.js - 304 Not Modified (0ms)


Started GET "/assets/users.css?body=1" for 127.0.0.1 at 2012-10-23 04:36:58 -0700
Served asset /users.css - 304 Not Modified (0ms)


Started GET "/assets/users.js?body=1" for 127.0.0.1 at 2012-10-23 04:36:59 -0700
Served asset /users.js - 304 Not Modified (0ms)


Started POST "/users" for 127.0.0.1 at 2012-10-23 04:37:05 -0700
Processing by UsersController#create as HTML
  Parameters: {"utf8"=>"✓", "authenticity_token"=>"+rCTsQItb8vzT5Td6Txt8aBGrwwKvetaDJPraxrmPgk=", "user"=>{"name"=>"Tada ", "email"=>"sas"}, "commit"=>"Create User"}
  [1m[35m (0.0ms)[0m  begin transaction
  [1m[36mSQL (3.0ms)[0m  [1mINSERT INTO "users" ("created_at", "email", "name", "updated_at") VALUES (?, ?, ?, ?)[0m  [["created_at", Tue, 23 Oct 2012 11:37:05 UTC +00:00], ["email", "sas"], ["name", "Tada "], ["updated_at", Tue, 23 Oct 2012 11:37:05 UTC +00:00]]
  [1m[35m (6.0ms)[0m  commit transaction
Redirected to http://localhost:3000/users/2
Completed 302 Found in 14ms (ActiveRecord: 9.0ms)


Started GET "/users/2" for 127.0.0.1 at 2012-10-23 04:37:05 -0700
Processing by UsersController#show as HTML
  Parameters: {"id"=>"2"}
  [1m[36mUser Load (1.0ms)[0m  [1mSELECT "users".* FROM "users" WHERE "users"."id" = ? LIMIT 1[0m  [["id", "2"]]
  Rendered users/show.html.erb within layouts/application (1.0ms)
Completed 200 OK in 25ms (Views: 23.0ms | ActiveRecord: 1.0ms)


Started GET "/assets/application.css?body=1" for 127.0.0.1 at 2012-10-23 04:37:05 -0700
Served asset /application.css - 304 Not Modified (2ms)


Started GET "/assets/scaffolds.css?body=1" for 127.0.0.1 at 2012-10-23 04:37:06 -0700
Served asset /scaffolds.css - 304 Not Modified (0ms)


Started GET "/assets/users.css?body=1" for 127.0.0.1 at 2012-10-23 04:37:06 -0700
Served asset /users.css - 304 Not Modified (0ms)


Started GET "/assets/users.js?body=1" for 127.0.0.1 at 2012-10-23 04:37:06 -0700
Served asset /users.js - 304 Not Modified (0ms)


Started GET "/assets/application.js?body=1" for 127.0.0.1 at 2012-10-23 04:37:06 -0700
Served asset /application.js - 304 Not Modified (2ms)


Started GET "/users" for 127.0.0.1 at 2012-10-23 04:37:08 -0700
Processing by UsersController#index as HTML
  [1m[35mUser Load (3.0ms)[0m  SELECT "users".* FROM "users" 
  Rendered users/index.html.erb within layouts/application (3.0ms)
Completed 200 OK in 36ms (Views: 30.0ms | ActiveRecord: 3.0ms)


Started GET "/assets/application.css?body=1" for 127.0.0.1 at 2012-10-23 04:37:09 -0700
Served asset /application.css - 304 Not Modified (0ms)


Started GET "/assets/scaffolds.css?body=1" for 127.0.0.1 at 2012-10-23 04:37:09 -0700
Served asset /scaffolds.css - 304 Not Modified (1ms)


Started GET "/assets/application.js?body=1" for 127.0.0.1 at 2012-10-23 04:37:09 -0700
Served asset /application.js - 304 Not Modified (1ms)


Started GET "/assets/users.css?body=1" for 127.0.0.1 at 2012-10-23 04:37:09 -0700
Served asset /users.css - 304 Not Modified (0ms)


Started GET "/assets/users.js?body=1" for 127.0.0.1 at 2012-10-23 04:37:09 -0700
Served asset /users.js - 304 Not Modified (0ms)


Started POST "/users" for 127.0.0.1 at 2012-10-23 04:37:18 -0700
Processing by UsersController#create as HTML
  Parameters: {"utf8"=>"✓", "authenticity_token"=>"+rCTsQItb8vzT5Td6Txt8aBGrwwKvetaDJPraxrmPgk=", "user"=>{"name"=>"Tada  2", "email"=>"sas"}, "commit"=>"Create User"}
  [1m[36m (0.0ms)[0m  [1mbegin transaction[0m
  [1m[35mSQL (4.0ms)[0m  INSERT INTO "users" ("created_at", "email", "name", "updated_at") VALUES (?, ?, ?, ?)  [["created_at", Tue, 23 Oct 2012 11:37:18 UTC +00:00], ["email", "sas"], ["name", "Tada  2"], ["updated_at", Tue, 23 Oct 2012 11:37:18 UTC +00:00]]
  [1m[36m (6.0ms)[0m  [1mcommit transaction[0m
Redirected to http://localhost:3000/users/3
Completed 302 Found in 15ms (ActiveRecord: 10.0ms)


Started GET "/users/3" for 127.0.0.1 at 2012-10-23 04:37:18 -0700
Processing by UsersController#show as HTML
  Parameters: {"id"=>"3"}
  [1m[35mUser Load (0.0ms)[0m  SELECT "users".* FROM "users" WHERE "users"."id" = ? LIMIT 1  [["id", "3"]]
  Rendered users/show.html.erb within layouts/application (2.0ms)
Completed 200 OK in 25ms (Views: 23.0ms | ActiveRecord: 0.0ms)


Started GET "/assets/application.css?body=1" for 127.0.0.1 at 2012-10-23 04:37:18 -0700
Served asset /application.css - 304 Not Modified (1ms)


Started GET "/assets/users.css?body=1" for 127.0.0.1 at 2012-10-23 04:37:18 -0700
Served asset /users.css - 304 Not Modified (0ms)


Started GET "/assets/scaffolds.css?body=1" for 127.0.0.1 at 2012-10-23 04:37:18 -0700
Served asset /scaffolds.css - 304 Not Modified (0ms)


Started GET "/assets/users.js?body=1" for 127.0.0.1 at 2012-10-23 04:37:18 -0700
Served asset /users.js - 304 Not Modified (0ms)


Started GET "/assets/application.js?body=1" for 127.0.0.1 at 2012-10-23 04:37:18 -0700
Served asset /application.js - 304 Not Modified (2ms)


Started GET "/users" for 127.0.0.1 at 2012-10-23 04:37:20 -0700
Processing by UsersController#index as HTML
  [1m[36mUser Load (1.0ms)[0m  [1mSELECT "users".* FROM "users" [0m
  Rendered users/index.html.erb within layouts/application (6.0ms)
Completed 200 OK in 30ms (Views: 28.0ms | ActiveRecord: 1.0ms)


Started GET "/assets/application.css?body=1" for 127.0.0.1 at 2012-10-23 04:37:20 -0700
Served asset /application.css - 304 Not Modified (1ms)


Started GET "/assets/scaffolds.css?body=1" for 127.0.0.1 at 2012-10-23 04:37:20 -0700
Served asset /scaffolds.css - 304 Not Modified (0ms)


Started GET "/assets/users.css?body=1" for 127.0.0.1 at 2012-10-23 04:37:20 -0700
Served asset /users.css - 304 Not Modified (0ms)


Started GET "/assets/users.js?body=1" for 127.0.0.1 at 2012-10-23 04:37:20 -0700
Served asset /users.js - 304 Not Modified (1ms)


Started GET "/assets/application.js?body=1" for 127.0.0.1 at 2012-10-23 04:37:21 -0700
Served asset /application.js - 304 Not Modified (2ms)


Started DELETE "/users/2" for 127.0.0.1 at 2012-10-23 04:38:32 -0700
Processing by UsersController#destroy as HTML
  Parameters: {"authenticity_token"=>"+rCTsQItb8vzT5Td6Txt8aBGrwwKvetaDJPraxrmPgk=", "id"=>"2"}
  [1m[35mUser Load (1.0ms)[0m  SELECT "users".* FROM "users" WHERE "users"."id" = ? LIMIT 1  [["id", "2"]]
  [1m[36m (0.0ms)[0m  [1mbegin transaction[0m
  [1m[35mSQL (2.0ms)[0m  DELETE FROM "users" WHERE "users"."id" = ?  [["id", 2]]
  [1m[36m (9.0ms)[0m  [1mcommit transaction[0m
Redirected to http://localhost:3000/users
Completed 302 Found in 18ms (ActiveRecord: 12.0ms)


Started GET "/users" for 127.0.0.1 at 2012-10-23 04:38:32 -0700
Processing by UsersController#index as HTML
  [1m[35mUser Load (1.0ms)[0m  SELECT "users".* FROM "users" 
  Rendered users/index.html.erb within layouts/application (4.0ms)
Completed 200 OK in 27ms (Views: 24.0ms | ActiveRecord: 1.0ms)


Started GET "/assets/application.css?body=1" for 127.0.0.1 at 2012-10-23 04:38:32 -0700
Served asset /application.css - 304 Not Modified (1ms)


Started GET "/assets/scaffolds.css?body=1" for 127.0.0.1 at 2012-10-23 04:38:32 -0700
Served asset /scaffolds.css - 304 Not Modified (1ms)


Started GET "/assets/users.css?body=1" for 127.0.0.1 at 2012-10-23 04:38:32 -0700
Served asset /users.css - 304 Not Modified (0ms)


Started GET "/assets/users.js?body=1" for 127.0.0.1 at 2012-10-23 04:38:32 -0700
Served asset /users.js - 304 Not Modified (0ms)


Started GET "/assets/application.js?body=1" for 127.0.0.1 at 2012-10-23 04:38:32 -0700
Served asset /application.js - 304 Not Modified (6ms)
  [1m[36m (0.0ms)[0m  [1mSELECT "schema_migrations"."version" FROM "schema_migrations" [0m
Migrating to CreateUsers (20121023112113)
Migrating to CreateMicroposts (20121023120024)
  [1m[35m (0.0ms)[0m  select sqlite_version(*)
  [1m[36m (0.0ms)[0m  [1mbegin transaction[0m
  [1m[35m (2.0ms)[0m  CREATE TABLE "microposts" ("id" INTEGER PRIMARY KEY AUTOINCREMENT NOT NULL, "content" varchar(255), "user_id" integer, "created_at" datetime NOT NULL, "updated_at" datetime NOT NULL) 
  [1m[36m (1.0ms)[0m  [1mINSERT INTO "schema_migrations" ("version") VALUES ('20121023120024')[0m
  [1m[35m (5.0ms)[0m  commit transaction
  [1m[36m (1.0ms)[0m  [1mselect sqlite_version(*)[0m
  [1m[35m (0.0ms)[0m  SELECT "schema_migrations"."version" FROM "schema_migrations" 
  [1m[36m (0.0ms)[0m  [1mPRAGMA index_list("microposts")[0m
  [1m[35m (0.0ms)[0m  PRAGMA index_list("users")


Started GET "/mircoposts" for 127.0.0.1 at 2012-10-23 05:01:59 -0700

ActionController::RoutingError (No route matches [GET] "/mircoposts"):
  actionpack (3.2.1) lib/action_dispatch/middleware/debug_exceptions.rb:21:in `call'
  actionpack (3.2.1) lib/action_dispatch/middleware/show_exceptions.rb:56:in `call'
  railties (3.2.1) lib/rails/rack/logger.rb:26:in `call_app'
  railties (3.2.1) lib/rails/rack/logger.rb:16:in `call'
  actionpack (3.2.1) lib/action_dispatch/middleware/request_id.rb:22:in `call'
  rack (1.4.1) lib/rack/methodoverride.rb:21:in `call'
  rack (1.4.1) lib/rack/runtime.rb:17:in `call'
  activesupport (3.2.1) lib/active_support/cache/strategy/local_cache.rb:72:in `call'
  rack (1.4.1) lib/rack/lock.rb:15:in `call'
  actionpack (3.2.1) lib/action_dispatch/middleware/static.rb:53:in `call'
  railties (3.2.1) lib/rails/engine.rb:479:in `call'
  railties (3.2.1) lib/rails/application.rb:220:in `call'
  rack (1.4.1) lib/rack/content_length.rb:14:in `call'
  railties (3.2.1) lib/rails/rack/log_tailer.rb:14:in `call'
  rack (1.4.1) lib/rack/handler/webrick.rb:59:in `service'
  c:/RailsInstaller/Ruby1.9.3/lib/ruby/1.9.1/webrick/httpserver.rb:138:in `service'
  c:/RailsInstaller/Ruby1.9.3/lib/ruby/1.9.1/webrick/httpserver.rb:94:in `run'
  c:/RailsInstaller/Ruby1.9.3/lib/ruby/1.9.1/webrick/server.rb:191:in `block in start_thread'


  Rendered c:/RailsInstaller/Ruby1.9.3/lib/ruby/gems/1.9.1/gems/actionpack-3.2.1/lib/action_dispatch/middleware/templates/rescues/routing_error.erb within rescues/layout (2.0ms)


Started GET "/microposts" for 127.0.0.1 at 2012-10-23 05:02:05 -0700
Processing by MicropostsController#index as HTML
  [1m[36mMicropost Load (0.0ms)[0m  [1mSELECT "microposts".* FROM "microposts" [0m
  Rendered microposts/index.html.erb within layouts/application (2.0ms)
Compiled microposts.css  (6ms)  (pid 9044)
Compiled application.css  (105ms)  (pid 9044)
Compiled microposts.js  (631ms)  (pid 9044)
Compiled application.js  (692ms)  (pid 9044)
Completed 200 OK in 997ms (Views: 994.1ms | ActiveRecord: 0.0ms)


Started GET "/assets/application.css?body=1" for 127.0.0.1 at 2012-10-23 05:02:06 -0700
Served asset /application.css - 304 Not Modified (21ms)


Started GET "/assets/scaffolds.css?body=1" for 127.0.0.1 at 2012-10-23 05:02:06 -0700
Served asset /scaffolds.css - 304 Not Modified (0ms)


Started GET "/assets/microposts.css?body=1" for 127.0.0.1 at 2012-10-23 05:02:06 -0700
Served asset /microposts.css - 200 OK (9ms)


Started GET "/assets/users.css?body=1" for 127.0.0.1 at 2012-10-23 05:02:06 -0700
Served asset /users.css - 304 Not Modified (0ms)


Started GET "/assets/microposts.js?body=1" for 127.0.0.1 at 2012-10-23 05:02:06 -0700
Served asset /microposts.js - 200 OK (11ms)


Started GET "/assets/users.js?body=1" for 127.0.0.1 at 2012-10-23 05:02:06 -0700
Served asset /users.js - 304 Not Modified (1ms)


Started GET "/assets/application.js?body=1" for 127.0.0.1 at 2012-10-23 05:02:06 -0700
Served asset /application.js - 304 Not Modified (25ms)


Started GET "/microposts/view" for 127.0.0.1 at 2012-10-23 05:02:13 -0700
Processing by MicropostsController#show as HTML
  Parameters: {"id"=>"view"}
  [1m[35mMicropost Load (1.0ms)[0m  SELECT "microposts".* FROM "microposts" WHERE "microposts"."id" = ? LIMIT 1  [["id", "view"]]
Completed 500 Internal Server Error in 3ms

ActiveRecord::RecordNotFound (Couldn't find Micropost with id=view):
  app/controllers/microposts_controller.rb:16:in `show'


  Rendered c:/RailsInstaller/Ruby1.9.3/lib/ruby/gems/1.9.1/gems/actionpack-3.2.1/lib/action_dispatch/middleware/templates/rescues/_trace.erb (9.0ms)
  Rendered c:/RailsInstaller/Ruby1.9.3/lib/ruby/gems/1.9.1/gems/actionpack-3.2.1/lib/action_dispatch/middleware/templates/rescues/_request_and_response.erb (2.0ms)
  Rendered c:/RailsInstaller/Ruby1.9.3/lib/ruby/gems/1.9.1/gems/actionpack-3.2.1/lib/action_dispatch/middleware/templates/rescues/diagnostics.erb within rescues/layout (64.0ms)


Started GET "/microposts/new" for 127.0.0.1 at 2012-10-23 05:02:39 -0700
Processing by MicropostsController#new as HTML
  Rendered microposts/_form.html.erb (8.0ms)
  Rendered microposts/new.html.erb within layouts/application (15.0ms)
Completed 200 OK in 83ms (Views: 37.0ms | ActiveRecord: 0.0ms)


Started GET "/assets/application.css?body=1" for 127.0.0.1 at 2012-10-23 05:02:39 -0700
Served asset /application.css - 304 Not Modified (1ms)


Started GET "/assets/microposts.js?body=1" for 127.0.0.1 at 2012-10-23 05:02:39 -0700
Served asset /microposts.js - 304 Not Modified (0ms)


Started GET "/assets/microposts.css?body=1" for 127.0.0.1 at 2012-10-23 05:02:39 -0700
Served asset /microposts.css - 304 Not Modified (0ms)


Started GET "/assets/scaffolds.css?body=1" for 127.0.0.1 at 2012-10-23 05:02:39 -0700
Served asset /scaffolds.css - 304 Not Modified (0ms)


Started GET "/assets/users.css?body=1" for 127.0.0.1 at 2012-10-23 05:02:39 -0700
Served asset /users.css - 304 Not Modified (0ms)


Started GET "/assets/users.js?body=1" for 127.0.0.1 at 2012-10-23 05:02:40 -0700
Served asset /users.js - 304 Not Modified (0ms)


Started GET "/assets/application.js?body=1" for 127.0.0.1 at 2012-10-23 05:02:40 -0700
Served asset /application.js - 304 Not Modified (2ms)


Started POST "/microposts" for 127.0.0.1 at 2012-10-23 05:03:37 -0700
Processing by MicropostsController#create as HTML
  Parameters: {"utf8"=>"✓", "authenticity_token"=>"+rCTsQItb8vzT5Td6Txt8aBGrwwKvetaDJPraxrmPgk=", "micropost"=>{"content"=>"tummykung", "user_id"=>"1"}, "commit"=>"Create Micropost"}
  [1m[36m (0.0ms)[0m  [1mbegin transaction[0m
  [1m[35mSQL (3.0ms)[0m  INSERT INTO "microposts" ("content", "created_at", "updated_at", "user_id") VALUES (?, ?, ?, ?)  [["content", "tummykung"], ["created_at", Tue, 23 Oct 2012 12:03:37 UTC +00:00], ["updated_at", Tue, 23 Oct 2012 12:03:37 UTC +00:00], ["user_id", 1]]
  [1m[36m (5.0ms)[0m  [1mcommit transaction[0m
Redirected to http://localhost:3000/microposts/1
Completed 302 Found in 17ms (ActiveRecord: 8.0ms)


Started GET "/microposts/1" for 127.0.0.1 at 2012-10-23 05:03:37 -0700
Processing by MicropostsController#show as HTML
  Parameters: {"id"=>"1"}
  [1m[35mMicropost Load (1.0ms)[0m  SELECT "microposts".* FROM "microposts" WHERE "microposts"."id" = ? LIMIT 1  [["id", "1"]]
  Rendered microposts/show.html.erb within layouts/application (3.0ms)
Completed 200 OK in 28ms (Views: 25.0ms | ActiveRecord: 1.0ms)


Started GET "/assets/application.css?body=1" for 127.0.0.1 at 2012-10-23 05:03:37 -0700
Served asset /application.css - 304 Not Modified (2ms)


Started GET "/assets/microposts.css?body=1" for 127.0.0.1 at 2012-10-23 05:03:37 -0700
Served asset /microposts.css - 304 Not Modified (0ms)


Started GET "/assets/scaffolds.css?body=1" for 127.0.0.1 at 2012-10-23 05:03:37 -0700
Served asset /scaffolds.css - 304 Not Modified (0ms)


Started GET "/assets/users.css?body=1" for 127.0.0.1 at 2012-10-23 05:03:37 -0700
Served asset /users.css - 304 Not Modified (0ms)


Started GET "/assets/users.js?body=1" for 127.0.0.1 at 2012-10-23 05:03:37 -0700
Served asset /users.js - 304 Not Modified (0ms)


Started GET "/assets/microposts.js?body=1" for 127.0.0.1 at 2012-10-23 05:03:37 -0700
Served asset /microposts.js - 304 Not Modified (0ms)


Started GET "/assets/application.js?body=1" for 127.0.0.1 at 2012-10-23 05:03:38 -0700
Served asset /application.js - 304 Not Modified (1ms)


Started GET "/microposts" for 127.0.0.1 at 2012-10-23 05:03:49 -0700
Processing by MicropostsController#index as HTML
  [1m[36mMicropost Load (1.0ms)[0m  [1mSELECT "microposts".* FROM "microposts" [0m
  Rendered microposts/index.html.erb within layouts/application (2.0ms)
Completed 200 OK in 32ms (Views: 28.0ms | ActiveRecord: 1.0ms)


Started GET "/assets/application.css?body=1" for 127.0.0.1 at 2012-10-23 05:03:49 -0700
Served asset /application.css - 304 Not Modified (1ms)


Started GET "/assets/microposts.css?body=1" for 127.0.0.1 at 2012-10-23 05:03:49 -0700
Served asset /microposts.css - 304 Not Modified (0ms)


Started GET "/assets/scaffolds.css?body=1" for 127.0.0.1 at 2012-10-23 05:03:50 -0700
Served asset /scaffolds.css - 304 Not Modified (0ms)


Started GET "/assets/microposts.js?body=1" for 127.0.0.1 at 2012-10-23 05:03:50 -0700
Served asset /microposts.js - 304 Not Modified (0ms)


Started GET "/assets/users.js?body=1" for 127.0.0.1 at 2012-10-23 05:03:50 -0700
Served asset /users.js - 304 Not Modified (1ms)


Started GET "/assets/users.css?body=1" for 127.0.0.1 at 2012-10-23 05:03:50 -0700
Served asset /users.css - 304 Not Modified (0ms)


Started GET "/assets/application.js?body=1" for 127.0.0.1 at 2012-10-23 05:03:50 -0700
Served asset /application.js - 304 Not Modified (0ms)


Started GET "/microposts/new" for 127.0.0.1 at 2012-10-23 10:18:58 -0700
Processing by MicropostsController#new as HTML
  Rendered microposts/_form.html.erb (8.0ms)
  Rendered microposts/new.html.erb within layouts/application (13.0ms)
Completed 200 OK in 81ms (Views: 69.0ms | ActiveRecord: 0.0ms)


Started GET "/assets/application.css?body=1" for 127.0.0.1 at 2012-10-23 10:18:58 -0700
Served asset /application.css - 304 Not Modified (2ms)


Started GET "/assets/microposts.css?body=1" for 127.0.0.1 at 2012-10-23 10:18:58 -0700
Served asset /microposts.css - 304 Not Modified (1ms)


Started GET "/assets/scaffolds.css?body=1" for 127.0.0.1 at 2012-10-23 10:18:58 -0700
Served asset /scaffolds.css - 304 Not Modified (0ms)


Started GET "/assets/users.css?body=1" for 127.0.0.1 at 2012-10-23 10:18:58 -0700
Served asset /users.css - 304 Not Modified (1ms)


Started GET "/assets/users.js?body=1" for 127.0.0.1 at 2012-10-23 10:18:58 -0700
Served asset /users.js - 304 Not Modified (0ms)


Started GET "/assets/microposts.js?body=1" for 127.0.0.1 at 2012-10-23 10:18:58 -0700
Served asset /microposts.js - 304 Not Modified (1ms)


Started GET "/assets/application.js?body=1" for 127.0.0.1 at 2012-10-23 10:18:58 -0700
Served asset /application.js - 304 Not Modified (2ms)


Started POST "/microposts" for 127.0.0.1 at 2012-10-23 10:19:04 -0700
Processing by MicropostsController#create as HTML
  Parameters: {"utf8"=>"✓", "authenticity_token"=>"+rCTsQItb8vzT5Td6Txt8aBGrwwKvetaDJPraxrmPgk=", "micropost"=>{"content"=>"Any micropost worthy of the name should have some means of enforcing the length of the post. Implementing this constraint in Rails is easy with validations; to accept microposts with at most 140 characters (à la Twitter), we use a length validation. At this point, you should open the file app/models/micropost.rb in your text editor or IDE and fill it with the contents of Listing 2.9. (The use of validates in Listing 2.9 is characteristic of Rails 3; if you’ve previously worked with Rails 2.3, you should compare this to the use of validates_length_of.)", "user_id"=>"2"}, "commit"=>"Create Micropost"}
  [1m[35m (0.0ms)[0m  begin transaction
  [1m[36m (0.0ms)[0m  [1mrollback transaction[0m
  Rendered microposts/_form.html.erb (6.0ms)
  Rendered microposts/new.html.erb within layouts/application (12.0ms)
Completed 200 OK in 46ms (Views: 37.0ms | ActiveRecord: 0.0ms)


Started GET "/assets/application.css?body=1" for 127.0.0.1 at 2012-10-23 10:19:04 -0700
Served asset /application.css - 304 Not Modified (0ms)


Started GET "/assets/microposts.css?body=1" for 127.0.0.1 at 2012-10-23 10:19:04 -0700
Served asset /microposts.css - 304 Not Modified (0ms)


Started GET "/assets/scaffolds.css?body=1" for 127.0.0.1 at 2012-10-23 10:19:04 -0700
Served asset /scaffolds.css - 304 Not Modified (0ms)


Started GET "/assets/users.js?body=1" for 127.0.0.1 at 2012-10-23 10:19:04 -0700
Served asset /users.js - 304 Not Modified (1ms)


Started GET "/assets/users.css?body=1" for 127.0.0.1 at 2012-10-23 10:19:04 -0700
Served asset /users.css - 304 Not Modified (1ms)


Started GET "/assets/microposts.js?body=1" for 127.0.0.1 at 2012-10-23 10:19:04 -0700
Served asset /microposts.js - 304 Not Modified (0ms)


Started GET "/assets/application.js?body=1" for 127.0.0.1 at 2012-10-23 10:19:05 -0700
Served asset /application.js - 304 Not Modified (1ms)


Started POST "/microposts" for 127.0.0.1 at 2012-10-23 10:35:13 -0700
Processing by MicropostsController#create as HTML
  Parameters: {"utf8"=>"✓", "authenticity_token"=>"+rCTsQItb8vzT5Td6Txt8aBGrwwKvetaDJPraxrmPgk=", "micropost"=>{"content"=>"tdadaa", "user_id"=>"2"}, "commit"=>"Create Micropost"}
  [1m[35m (1.0ms)[0m  begin transaction
  [1m[36mSQL (4.0ms)[0m  [1mINSERT INTO "microposts" ("content", "created_at", "updated_at", "user_id") VALUES (?, ?, ?, ?)[0m  [["content", "tdadaa"], ["created_at", Tue, 23 Oct 2012 17:35:13 UTC +00:00], ["updated_at", Tue, 23 Oct 2012 17:35:13 UTC +00:00], ["user_id", 2]]
  [1m[35m (10.0ms)[0m  commit transaction
Redirected to http://localhost:3000/microposts/2
Completed 302 Found in 33ms (ActiveRecord: 15.0ms)


Started GET "/microposts/2" for 127.0.0.1 at 2012-10-23 10:35:13 -0700
Processing by MicropostsController#show as HTML
  Parameters: {"id"=>"2"}
  [1m[36mMicropost Load (0.0ms)[0m  [1mSELECT "microposts".* FROM "microposts" WHERE "microposts"."id" = ? LIMIT 1[0m  [["id", "2"]]
  Rendered microposts/show.html.erb within layouts/application (2.0ms)
Completed 200 OK in 33ms (Views: 30.0ms | ActiveRecord: 0.0ms)


Started GET "/assets/microposts.css?body=1" for 127.0.0.1 at 2012-10-23 10:35:13 -0700
Served asset /microposts.css - 304 Not Modified (1ms)


Started GET "/assets/application.css?body=1" for 127.0.0.1 at 2012-10-23 10:35:13 -0700
Served asset /application.css - 304 Not Modified (2ms)


Started GET "/assets/jquery.js?body=1" for 127.0.0.1 at 2012-10-23 10:35:14 -0700
Served asset /jquery.js - 304 Not Modified (0ms)


Started GET "/assets/jquery_ujs.js?body=1" for 127.0.0.1 at 2012-10-23 10:35:14 -0700
Served asset /jquery_ujs.js - 304 Not Modified (0ms)


Started GET "/assets/scaffolds.css?body=1" for 127.0.0.1 at 2012-10-23 10:35:14 -0700
Served asset /scaffolds.css - 304 Not Modified (0ms)


Started GET "/assets/users.css?body=1" for 127.0.0.1 at 2012-10-23 10:35:14 -0700
Served asset /users.css - 304 Not Modified (0ms)


Started GET "/assets/users.js?body=1" for 127.0.0.1 at 2012-10-23 10:35:14 -0700
Served asset /users.js - 304 Not Modified (0ms)


Started GET "/assets/microposts.js?body=1" for 127.0.0.1 at 2012-10-23 10:35:14 -0700
Served asset /microposts.js - 304 Not Modified (1ms)


Started GET "/assets/application.js?body=1" for 127.0.0.1 at 2012-10-23 10:35:14 -0700
Served asset /application.js - 304 Not Modified (1ms)


Started GET "/microposts" for 127.0.0.1 at 2012-10-23 10:35:18 -0700
Processing by MicropostsController#index as HTML
  [1m[35mMicropost Load (1.0ms)[0m  SELECT "microposts".* FROM "microposts" 
  Rendered microposts/index.html.erb within layouts/application (5.0ms)
Completed 200 OK in 35ms (Views: 31.0ms | ActiveRecord: 1.0ms)


Started GET "/assets/application.css?body=1" for 127.0.0.1 at 2012-10-23 10:35:18 -0700
Served asset /application.css - 304 Not Modified (1ms)


Started GET "/assets/microposts.css?body=1" for 127.0.0.1 at 2012-10-23 10:35:18 -0700
Served asset /microposts.css - 304 Not Modified (0ms)


Started GET "/assets/scaffolds.css?body=1" for 127.0.0.1 at 2012-10-23 10:35:18 -0700
Served asset /scaffolds.css - 304 Not Modified (0ms)


Started GET "/assets/users.css?body=1" for 127.0.0.1 at 2012-10-23 10:35:18 -0700
Served asset /users.css - 304 Not Modified (0ms)


Started GET "/assets/jquery.js?body=1" for 127.0.0.1 at 2012-10-23 10:35:18 -0700
Served asset /jquery.js - 304 Not Modified (0ms)


Started GET "/assets/users.js?body=1" for 127.0.0.1 at 2012-10-23 10:35:18 -0700
Served asset /users.js - 304 Not Modified (0ms)


Started GET "/assets/jquery_ujs.js?body=1" for 127.0.0.1 at 2012-10-23 10:35:18 -0700
Served asset /jquery_ujs.js - 304 Not Modified (0ms)


Started GET "/assets/microposts.js?body=1" for 127.0.0.1 at 2012-10-23 10:35:18 -0700
Served asset /microposts.js - 304 Not Modified (0ms)


Started GET "/assets/application.js?body=1" for 127.0.0.1 at 2012-10-23 10:35:18 -0700
Served asset /application.js - 304 Not Modified (2ms)


Started GET "/microposts/new" for 127.0.0.1 at 2012-10-23 10:35:23 -0700
Processing by MicropostsController#new as HTML
  Rendered microposts/_form.html.erb (5.0ms)
  Rendered microposts/new.html.erb within layouts/application (14.0ms)
Completed 200 OK in 43ms (Views: 42.0ms | ActiveRecord: 0.0ms)


Started GET "/assets/application.css?body=1" for 127.0.0.1 at 2012-10-23 10:35:23 -0700
Served asset /application.css - 304 Not Modified (0ms)


Started GET "/assets/microposts.css?body=1" for 127.0.0.1 at 2012-10-23 10:35:23 -0700
Served asset /microposts.css - 304 Not Modified (1ms)


Started GET "/assets/users.css?body=1" for 127.0.0.1 at 2012-10-23 10:35:23 -0700
Served asset /users.css - 304 Not Modified (1ms)


Started GET "/assets/scaffolds.css?body=1" for 127.0.0.1 at 2012-10-23 10:35:23 -0700
Served asset /scaffolds.css - 304 Not Modified (1ms)


Started GET "/assets/jquery.js?body=1" for 127.0.0.1 at 2012-10-23 10:35:23 -0700
Served asset /jquery.js - 304 Not Modified (1ms)


Started GET "/assets/jquery_ujs.js?body=1" for 127.0.0.1 at 2012-10-23 10:35:23 -0700
Served asset /jquery_ujs.js - 304 Not Modified (0ms)


Started GET "/assets/microposts.js?body=1" for 127.0.0.1 at 2012-10-23 10:35:23 -0700
Served asset /microposts.js - 304 Not Modified (0ms)


Started GET "/assets/users.js?body=1" for 127.0.0.1 at 2012-10-23 10:35:24 -0700
Served asset /users.js - 304 Not Modified (0ms)


Started GET "/assets/application.js?body=1" for 127.0.0.1 at 2012-10-23 10:35:24 -0700
Served asset /application.js - 304 Not Modified (2ms)


Started POST "/microposts" for 127.0.0.1 at 2012-10-23 10:35:31 -0700
Processing by MicropostsController#create as HTML
  Parameters: {"utf8"=>"✓", "authenticity_token"=>"+rCTsQItb8vzT5Td6Txt8aBGrwwKvetaDJPraxrmPgk=", "micropost"=>{"content"=>"tadaa", "user_id"=>"2"}, "commit"=>"Create Micropost"}
  [1m[36m (1.0ms)[0m  [1mbegin transaction[0m
  [1m[35mSQL (3.0ms)[0m  INSERT INTO "microposts" ("content", "created_at", "updated_at", "user_id") VALUES (?, ?, ?, ?)  [["content", "tadaa"], ["created_at", Tue, 23 Oct 2012 17:35:31 UTC +00:00], ["updated_at", Tue, 23 Oct 2012 17:35:31 UTC +00:00], ["user_id", 2]]
  [1m[36m (6.0ms)[0m  [1mcommit transaction[0m
Redirected to http://localhost:3000/microposts/3
Completed 302 Found in 14ms (ActiveRecord: 10.0ms)


Started GET "/microposts/3" for 127.0.0.1 at 2012-10-23 10:35:31 -0700
Processing by MicropostsController#show as HTML
  Parameters: {"id"=>"3"}
  [1m[35mMicropost Load (0.0ms)[0m  SELECT "microposts".* FROM "microposts" WHERE "microposts"."id" = ? LIMIT 1  [["id", "3"]]
  Rendered microposts/show.html.erb within layouts/application (2.0ms)
Completed 200 OK in 25ms (Views: 23.0ms | ActiveRecord: 0.0ms)


Started GET "/assets/application.css?body=1" for 127.0.0.1 at 2012-10-23 10:35:31 -0700
Served asset /application.css - 304 Not Modified (0ms)


Started GET "/assets/microposts.css?body=1" for 127.0.0.1 at 2012-10-23 10:35:31 -0700
Served asset /microposts.css - 304 Not Modified (0ms)


Started GET "/assets/scaffolds.css?body=1" for 127.0.0.1 at 2012-10-23 10:35:32 -0700
Served asset /scaffolds.css - 304 Not Modified (0ms)


Started GET "/assets/users.css?body=1" for 127.0.0.1 at 2012-10-23 10:35:32 -0700
Served asset /users.css - 304 Not Modified (0ms)


Started GET "/assets/jquery.js?body=1" for 127.0.0.1 at 2012-10-23 10:35:32 -0700
Served asset /jquery.js - 304 Not Modified (1ms)


Started GET "/assets/jquery_ujs.js?body=1" for 127.0.0.1 at 2012-10-23 10:35:32 -0700
Served asset /jquery_ujs.js - 304 Not Modified (0ms)


Started GET "/assets/microposts.js?body=1" for 127.0.0.1 at 2012-10-23 10:35:32 -0700
Served asset /microposts.js - 304 Not Modified (0ms)


Started GET "/assets/users.js?body=1" for 127.0.0.1 at 2012-10-23 10:35:32 -0700
Served asset /users.js - 304 Not Modified (0ms)


Started GET "/assets/application.js?body=1" for 127.0.0.1 at 2012-10-23 10:35:32 -0700
Served asset /application.js - 304 Not Modified (2ms)


Started GET "/microposts" for 127.0.0.1 at 2012-10-23 10:35:34 -0700
Processing by MicropostsController#index as HTML
  [1m[36mMicropost Load (0.0ms)[0m  [1mSELECT "microposts".* FROM "microposts" [0m
  Rendered microposts/index.html.erb within layouts/application (6.0ms)
Completed 200 OK in 32ms (Views: 30.0ms | ActiveRecord: 0.0ms)


Started GET "/assets/application.css?body=1" for 127.0.0.1 at 2012-10-23 10:35:34 -0700
Served asset /application.css - 304 Not Modified (2ms)


Started GET "/assets/microposts.css?body=1" for 127.0.0.1 at 2012-10-23 10:35:34 -0700
Served asset /microposts.css - 304 Not Modified (0ms)


Started GET "/assets/users.css?body=1" for 127.0.0.1 at 2012-10-23 10:35:34 -0700
Served asset /users.css - 304 Not Modified (0ms)


Started GET "/assets/scaffolds.css?body=1" for 127.0.0.1 at 2012-10-23 10:35:34 -0700
Served asset /scaffolds.css - 304 Not Modified (1ms)


Started GET "/assets/jquery_ujs.js?body=1" for 127.0.0.1 at 2012-10-23 10:35:34 -0700
Served asset /jquery_ujs.js - 304 Not Modified (0ms)


Started GET "/assets/jquery.js?body=1" for 127.0.0.1 at 2012-10-23 10:35:34 -0700
Served asset /jquery.js - 304 Not Modified (0ms)


Started GET "/assets/microposts.js?body=1" for 127.0.0.1 at 2012-10-23 10:35:34 -0700
Served asset /microposts.js - 304 Not Modified (0ms)


Started GET "/assets/users.js?body=1" for 127.0.0.1 at 2012-10-23 10:35:34 -0700
Served asset /users.js - 304 Not Modified (0ms)


Started GET "/assets/application.js?body=1" for 127.0.0.1 at 2012-10-23 10:35:35 -0700
Served asset /application.js - 304 Not Modified (1ms)


Started GET "/microposts/3" for 127.0.0.1 at 2012-10-23 10:35:39 -0700
Processing by MicropostsController#show as HTML
  Parameters: {"id"=>"3"}
  [1m[35mMicropost Load (1.0ms)[0m  SELECT "microposts".* FROM "microposts" WHERE "microposts"."id" = ? LIMIT 1  [["id", "3"]]
  Rendered microposts/show.html.erb within layouts/application (1.0ms)
Completed 200 OK in 29ms (Views: 27.0ms | ActiveRecord: 1.0ms)


Started GET "/assets/application.css?body=1" for 127.0.0.1 at 2012-10-23 10:35:39 -0700
Served asset /application.css - 304 Not Modified (3ms)


Started GET "/assets/microposts.css?body=1" for 127.0.0.1 at 2012-10-23 10:35:39 -0700
Served asset /microposts.css - 304 Not Modified (0ms)


Started GET "/assets/jquery.js?body=1" for 127.0.0.1 at 2012-10-23 10:35:39 -0700
Served asset /jquery.js - 304 Not Modified (0ms)


Started GET "/assets/scaffolds.css?body=1" for 127.0.0.1 at 2012-10-23 10:35:39 -0700
Served asset /scaffolds.css - 304 Not Modified (1ms)


Started GET "/assets/users.css?body=1" for 127.0.0.1 at 2012-10-23 10:35:39 -0700
Served asset /users.css - 304 Not Modified (0ms)


Started GET "/assets/jquery_ujs.js?body=1" for 127.0.0.1 at 2012-10-23 10:35:39 -0700
Served asset /jquery_ujs.js - 304 Not Modified (0ms)


Started GET "/assets/microposts.js?body=1" for 127.0.0.1 at 2012-10-23 10:35:39 -0700
Served asset /microposts.js - 304 Not Modified (0ms)


Started GET "/assets/users.js?body=1" for 127.0.0.1 at 2012-10-23 10:35:39 -0700
Served asset /users.js - 304 Not Modified (0ms)


Started GET "/assets/application.js?body=1" for 127.0.0.1 at 2012-10-23 10:35:40 -0700
Served asset /application.js - 304 Not Modified (0ms)


Started GET "/microposts" for 127.0.0.1 at 2012-10-23 10:35:42 -0700
Processing by MicropostsController#index as HTML
  [1m[36mMicropost Load (1.0ms)[0m  [1mSELECT "microposts".* FROM "microposts" [0m
  Rendered microposts/index.html.erb within layouts/application (7.0ms)
Completed 200 OK in 34ms (Views: 30.0ms | ActiveRecord: 1.0ms)


Started GET "/assets/application.css?body=1" for 127.0.0.1 at 2012-10-23 10:35:42 -0700
Served asset /application.css - 304 Not Modified (0ms)


Started GET "/assets/microposts.css?body=1" for 127.0.0.1 at 2012-10-23 10:35:43 -0700
Served asset /microposts.css - 304 Not Modified (0ms)


Started GET "/assets/jquery.js?body=1" for 127.0.0.1 at 2012-10-23 10:35:43 -0700
Served asset /jquery.js - 304 Not Modified (0ms)


Started GET "/assets/jquery_ujs.js?body=1" for 127.0.0.1 at 2012-10-23 10:35:43 -0700
Served asset /jquery_ujs.js - 304 Not Modified (0ms)


Started GET "/assets/scaffolds.css?body=1" for 127.0.0.1 at 2012-10-23 10:35:43 -0700
Served asset /scaffolds.css - 304 Not Modified (0ms)


Started GET "/assets/users.css?body=1" for 127.0.0.1 at 2012-10-23 10:35:43 -0700
Served asset /users.css - 304 Not Modified (0ms)


Started GET "/assets/microposts.js?body=1" for 127.0.0.1 at 2012-10-23 10:35:43 -0700
Served asset /microposts.js - 304 Not Modified (0ms)


Started GET "/assets/users.js?body=1" for 127.0.0.1 at 2012-10-23 10:35:43 -0700
Served asset /users.js - 304 Not Modified (0ms)


Started GET "/assets/application.js?body=1" for 127.0.0.1 at 2012-10-23 10:35:43 -0700
Served asset /application.js - 304 Not Modified (1ms)


Started GET "/microposts/1" for 127.0.0.1 at 2012-10-23 10:38:18 -0700
Processing by MicropostsController#show as HTML
  Parameters: {"id"=>"1"}
  [1m[35mMicropost Load (0.0ms)[0m  SELECT "microposts".* FROM "microposts" WHERE "microposts"."id" = ? LIMIT 1  [["id", "1"]]
  Rendered microposts/show.html.erb within layouts/application (1.0ms)
Completed 200 OK in 59ms (Views: 56.0ms | ActiveRecord: 0.0ms)


Started GET "/assets/microposts.css?body=1" for 127.0.0.1 at 2012-10-23 10:38:18 -0700
Served asset /microposts.css - 304 Not Modified (0ms)


Started GET "/assets/application.css?body=1" for 127.0.0.1 at 2012-10-23 10:38:18 -0700
Served asset /application.css - 304 Not Modified (2ms)


Started GET "/assets/scaffolds.css?body=1" for 127.0.0.1 at 2012-10-23 10:38:19 -0700
Served asset /scaffolds.css - 304 Not Modified (0ms)


Started GET "/assets/users.css?body=1" for 127.0.0.1 at 2012-10-23 10:38:19 -0700
Served asset /users.css - 304 Not Modified (1ms)


Started GET "/assets/jquery.js?body=1" for 127.0.0.1 at 2012-10-23 10:38:19 -0700
Served asset /jquery.js - 304 Not Modified (0ms)


Started GET "/assets/jquery_ujs.js?body=1" for 127.0.0.1 at 2012-10-23 10:38:19 -0700
Served asset /jquery_ujs.js - 304 Not Modified (0ms)


Started GET "/assets/microposts.js?body=1" for 127.0.0.1 at 2012-10-23 10:38:19 -0700
Served asset /microposts.js - 304 Not Modified (0ms)


Started GET "/assets/users.js?body=1" for 127.0.0.1 at 2012-10-23 10:38:19 -0700
Served asset /users.js - 304 Not Modified (0ms)


Started GET "/assets/application.js?body=1" for 127.0.0.1 at 2012-10-23 10:38:19 -0700
Served asset /application.js - 304 Not Modified (1ms)


Started GET "/microposts" for 127.0.0.1 at 2012-10-23 10:38:21 -0700
Processing by MicropostsController#index as HTML
  [1m[36mMicropost Load (1.0ms)[0m  [1mSELECT "microposts".* FROM "microposts" [0m
  Rendered microposts/index.html.erb within layouts/application (5.0ms)
Completed 200 OK in 31ms (Views: 29.0ms | ActiveRecord: 1.0ms)


Started GET "/assets/application.css?body=1" for 127.0.0.1 at 2012-10-23 10:38:21 -0700
Served asset /application.css - 304 Not Modified (1ms)


Started GET "/assets/users.css?body=1" for 127.0.0.1 at 2012-10-23 10:38:22 -0700
Served asset /users.css - 304 Not Modified (0ms)


Started GET "/assets/jquery.js?body=1" for 127.0.0.1 at 2012-10-23 10:38:22 -0700
Served asset /jquery.js - 304 Not Modified (0ms)


Started GET "/assets/microposts.css?body=1" for 127.0.0.1 at 2012-10-23 10:38:22 -0700
Served asset /microposts.css - 304 Not Modified (0ms)


Started GET "/assets/scaffolds.css?body=1" for 127.0.0.1 at 2012-10-23 10:38:22 -0700
Served asset /scaffolds.css - 304 Not Modified (0ms)


Started GET "/assets/jquery_ujs.js?body=1" for 127.0.0.1 at 2012-10-23 10:38:22 -0700
Served asset /jquery_ujs.js - 304 Not Modified (0ms)


Started GET "/assets/microposts.js?body=1" for 127.0.0.1 at 2012-10-23 10:38:22 -0700
Served asset /microposts.js - 304 Not Modified (0ms)


Started GET "/assets/users.js?body=1" for 127.0.0.1 at 2012-10-23 10:38:22 -0700
Served asset /users.js - 304 Not Modified (0ms)


Started GET "/assets/application.js?body=1" for 127.0.0.1 at 2012-10-23 10:38:22 -0700
Served asset /application.js - 304 Not Modified (1ms)
